<?xml version="1.0" encoding="UTF-8"?>
<!-- Generated by org.testng.reporters.JUnitXMLReporter -->
<testsuite hostname="DESKTOP-D8HNM4S" ignored="0" name="Class1-Class2-Class3" tests="3" failures="0" timestamp="13 Mar 2019 06:39:03 GMT" time="83.291" errors="0">
  <testcase name="node2" time="30.202" classname="selenium_grid_package.Node2"/>
  <testcase name="node1" time="34.053" classname="selenium_grid_package.Node1"/>
  <testcase name="node3" time="83.26" classname="selenium_grid_package.Node3"/>
</testsuite> <!-- Class1-Class2-Class3 -->
