<?xml version="1.0" encoding="UTF-8"?>
<!-- Generated by org.testng.reporters.JUnitXMLReporter -->
<testsuite hostname="DESKTOP-D8HNM4S" ignored="0" name="Method1-Method2-Method3" tests="3" failures="0" timestamp="13 Mar 2019 06:42:03 GMT" time="45.655" errors="0">
  <testcase name="node2" time="17.204" classname="selenium_grid_package.Node1Node2Node3"/>
  <testcase name="node1" time="23.839" classname="selenium_grid_package.Node1Node2Node3"/>
  <testcase name="node3" time="45.62" classname="selenium_grid_package.Node1Node2Node3"/>
</testsuite> <!-- Method1-Method2-Method3 -->
